<?xml version="1.0" encoding="UTF-8"?>
<!-- Generated by org.testng.reporters.JUnitReportReporter -->
<testsuite hostname="Ramyas-MacBook-Air.local" failures="0" tests="5" name="com.salesforceCucumber.runners.RunnerFile" time="0.074" errors="5" timestamp="2022-05-26T19:09:05 CDT" skipped="0">
  <testcase classname="com.salesforceCucumber.runners.RunnerFile" name="runScenario" time="0.008">
    <error message="Cannot invoke &quot;org.openqa.selenium.WebDriver.get(String)&quot; because &quot;com.salesforceCucumber.base.BasePage.driver&quot; is null" type="java.lang.NullPointerException">
      <![CDATA[java.lang.NullPointerException: Cannot invoke "org.openqa.selenium.WebDriver.get(String)" because "com.salesforceCucumber.base.BasePage.driver" is null
at com.salesforceCucumber.base.BasePage.goToUrl(BasePage.java:34)
at com.salesforceCucumber.stepDefinition.StepDefinition.user_goes_to(StepDefinition.java:38)
at ✽.User goes to  "https://login.salesforce.com"(file:///Users/ramyabharath/eclipse-workspace/SalesforceCucumberPom/src/test/resources/Features/SDFCwithScenarioOutlineAndDataTables.feature:3)
]]>
    </error>
  </testcase> <!-- runScenario -->
  <system-out/>
  <testcase classname="com.salesforceCucumber.runners.RunnerFile" name="runScenario" time="0.043">
    <error message="Cannot invoke &quot;org.openqa.selenium.WebDriver.get(String)&quot; because &quot;com.salesforceCucumber.base.BasePage.driver&quot; is null" type="java.lang.NullPointerException">
      <![CDATA[java.lang.NullPointerException: Cannot invoke "org.openqa.selenium.WebDriver.get(String)" because "com.salesforceCucumber.base.BasePage.driver" is null
at com.salesforceCucumber.base.BasePage.goToUrl(BasePage.java:34)
at com.salesforceCucumber.stepDefinition.StepDefinition.user_goes_to(StepDefinition.java:38)
at ✽.User goes to  "https://login.salesforce.com"(file:///Users/ramyabharath/eclipse-workspace/SalesforceCucumberPom/src/test/resources/Features/SDFCwithScenarioOutlineAndDataTables.feature:3)
]]>
    </error>
  </testcase> <!-- runScenario -->
  <system-out/>
  <testcase classname="com.salesforceCucumber.runners.RunnerFile" name="runScenario" time="0.009">
    <error message="Cannot invoke &quot;org.openqa.selenium.WebDriver.get(String)&quot; because &quot;com.salesforceCucumber.base.BasePage.driver&quot; is null" type="java.lang.NullPointerException">
      <![CDATA[java.lang.NullPointerException: Cannot invoke "org.openqa.selenium.WebDriver.get(String)" because "com.salesforceCucumber.base.BasePage.driver" is null
at com.salesforceCucumber.base.BasePage.goToUrl(BasePage.java:34)
at com.salesforceCucumber.stepDefinition.StepDefinition.user_goes_to(StepDefinition.java:38)
at ✽.User goes to  "https://login.salesforce.com"(file:///Users/ramyabharath/eclipse-workspace/SalesforceCucumberPom/src/test/resources/Features/SDFCwithScenarioOutlineAndDataTables.feature:3)
]]>
    </error>
  </testcase> <!-- runScenario -->
  <system-out/>
  <testcase classname="com.salesforceCucumber.runners.RunnerFile" name="runScenario" time="0.006">
    <error message="Cannot invoke &quot;org.openqa.selenium.WebDriver.get(String)&quot; because &quot;com.salesforceCucumber.base.BasePage.driver&quot; is null" type="java.lang.NullPointerException">
      <![CDATA[java.lang.NullPointerException: Cannot invoke "org.openqa.selenium.WebDriver.get(String)" because "com.salesforceCucumber.base.BasePage.driver" is null
at com.salesforceCucumber.base.BasePage.goToUrl(BasePage.java:34)
at com.salesforceCucumber.stepDefinition.StepDefinition.user_goes_to(StepDefinition.java:38)
at ✽.User goes to  "https://login.salesforce.com"(file:///Users/ramyabharath/eclipse-workspace/SalesforceCucumberPom/src/test/resources/Features/SDFCwithScenarioOutlineAndDataTables.feature:3)
]]>
    </error>
  </testcase> <!-- runScenario -->
  <system-out/>
  <testcase classname="com.salesforceCucumber.runners.RunnerFile" name="runScenario" time="0.008">
    <error message="Cannot invoke &quot;org.openqa.selenium.WebDriver.get(String)&quot; because &quot;com.salesforceCucumber.base.BasePage.driver&quot; is null" type="java.lang.NullPointerException">
      <![CDATA[java.lang.NullPointerException: Cannot invoke "org.openqa.selenium.WebDriver.get(String)" because "com.salesforceCucumber.base.BasePage.driver" is null
at com.salesforceCucumber.base.BasePage.goToUrl(BasePage.java:34)
at com.salesforceCucumber.stepDefinition.StepDefinition.user_goes_to(StepDefinition.java:38)
at ✽.User goes to  "https://login.salesforce.com"(file:///Users/ramyabharath/eclipse-workspace/SalesforceCucumberPom/src/test/resources/Features/SDFCwithScenarioOutlineAndDataTables.feature:3)
]]>
    </error>
  </testcase> <!-- runScenario -->
  <system-out/>
</testsuite> <!-- com.salesforceCucumber.runners.RunnerFile -->
